================================================================================
  JEDI Variational DA - Diagnostic Report
================================================================================

--------------------------------------------------------------------------------
  1. CONFIGURATION SUMMARY
--------------------------------------------------------------------------------
  Cost Type                     : 3D-Var
  Analysis Time                 : 2024-02-24T00:00:00Z
  Window Begin                  : 2024-02-23T21:00:00Z
  Window Length                 : PT6H
  Outer Resolution              : C96
  Nlevels                       : 127
  Static Weight                 : 0.125
  Ensemble Weight               : 0.875
  Ensemble Members              : 2
  Minimizer                     : DRPCG
  Ninner                        : [2, 4]
  Inner Resolution              : C48

--------------------------------------------------------------------------------
  2. OBSERVATION COUNTS
--------------------------------------------------------------------------------

  Obs Type                          Locations    Total Obs  Assimilated   Rejected   Assim%
  ------------------------------ ------------ ------------ ------------ ---------- --------
  conventional_ps                     199,096      116,459      107,491      8,968    92.3%
  gnssro_cosmic2                      365,047      363,132      227,802    135,330    62.7%
  ATMS N20                             11,142      245,124      167,540     77,584    68.3%
    +-- brightnessTemperature_1                                     5,721
    +-- brightnessTemperature_2                                     5,658
    +-- brightnessTemperature_3                                     5,819
    +-- brightnessTemperature_4                                     5,950
    +-- brightnessTemperature_5                                     5,965
    +-- brightnessTemperature_6                                     5,990
    +-- brightnessTemperature_7                                     7,221
    +-- brightnessTemperature_8                                    11,088
    +-- brightnessTemperature_9                                    11,062
    +-- brightnessTemperature_10                                   11,082
    +-- brightnessTemperature_11                                   11,087
    +-- brightnessTemperature_12                                   11,053
    +-- brightnessTemperature_13                                   10,397
    +-- brightnessTemperature_14                                   10,965
    +-- brightnessTemperature_15                                   11,072
    +-- brightnessTemperature_16                                    4,978
    +-- brightnessTemperature_17                                    5,422
    +-- brightnessTemperature_18                                    5,468
    +-- brightnessTemperature_19                                    5,484
    +-- brightnessTemperature_20                                    5,432
    +-- brightnessTemperature_21                                    5,350
    +-- brightnessTemperature_22                                    5,276
  ascatw_ascat_metop-b                 14,896       29,792       25,650      4,142    86.1%
    +-- windEastward                                               12,825
    +-- windNorthward                                              12,825
  satwind_goes-16                     802,894    1,605,788      191,396  1,414,392    11.9%
    +-- windEastward                                               95,698
    +-- windNorthward                                              95,698
  ------------------------------ ------------ ------------ ------------ ---------- --------
  TOTAL                             1,393,075    2,360,295      719,879  1,640,416    30.5%

  Locations = unique obs locations (nlocs).
  Total Obs = nlocs x channels/variables (before QC).
  Assimilated = obs passing all QC (used in Jo).

--------------------------------------------------------------------------------
  3. Jo/n EVOLUTION ACROSS OUTER ITERATIONS
--------------------------------------------------------------------------------

  Obs Type                            Outer 0      Outer 1      Outer 2          Delta
  ------------------------------ ------------ ------------ ------------ --------------
  conventional_ps                    0.225660     0.203668     0.189572      -0.036088
  gnssro_cosmic2                     0.315355     0.299193     0.263583      -0.051772
  ATMS N20                           0.186289     0.153953     0.126097      -0.060192
  ascatw_ascat_metop-b               0.576704     0.524732     0.442819      -0.133885
  satwind_goes-16                    0.036782     0.036815     0.033213      -0.003569

  Total Jo: 149,138.0 -> 136,328.3 -> 119,217.0
  Reduction: 20.1%

--------------------------------------------------------------------------------
  4. COST FUNCTION CONVERGENCE
--------------------------------------------------------------------------------

  --- Outer Loop 0 (2 inner iters) ---
    Iter                J               Jb             JoJc
  ------ ---------------- ---------------- ----------------
       0        149138.18             0.00        149138.18
       1        145301.37            28.17        145273.20
       2        136350.73           403.76        135946.96

  --- Outer Loop 1 (4 inner iters) ---
    Iter                J               Jb             JoJc
  ------ ---------------- ---------------- ----------------
       0        136732.04           403.76        136328.27
       1        133146.16           438.97        132707.19
       2        131472.36           528.91        130943.45
       3        126872.04          1189.60        125682.44
       4        121229.28          2760.50        118468.78

--------------------------------------------------------------------------------
  5. CHI-SQUARED CONSISTENCY (Final Iteration)
--------------------------------------------------------------------------------

  Jo ~ chi-squared(P).  E[Jo/P] = 1.0 if R,B correct.

  Obs Type                                   Jo          P       Jo/P                 Status
  ------------------------------ -------------- ---------- ---------- ----------------------
  conventional_ps                      20377.30    107,491   0.189572       !! OVERESTIMATED
  gnssro_cosmic2                       59998.20    227,626   0.263583       !! OVERESTIMATED
  ATMS N20                             21126.30    167,540   0.126097       !! OVERESTIMATED
  ascatw_ascat_metop-b                 11358.30     25,650   0.442819       !! OVERESTIMATED
  satwind_goes-16                       6356.89    191,396   0.033213       !! OVERESTIMATED
  ------------------------------ -------------- ---------- ---------- ----------------------
  TOTAL                               119216.99    719,703   0.165647       !! OVERESTIMATED

================================================================================