================================================================================
  JEDI Variational DA - Diagnostic Report
================================================================================

--------------------------------------------------------------------------------
  1. CONFIGURATION SUMMARY
--------------------------------------------------------------------------------
  Cost Type                     : 3D-Var
  Analysis Time                 : 2024-02-24T00:00:00Z
  Window Begin                  : 2024-02-23T21:00:00Z
  Window Length                 : PT6H
  Outer Resolution              : C96
  Nlevels                       : 127
  Static Weight                 : 0.125
  Ensemble Weight               : 0.875
  Ensemble Members              : 2
  Minimizer                     : DRPCG
  Ninner                        : [2, 4]
  Inner Resolution              : C48

--------------------------------------------------------------------------------
  2. OBSERVATION COUNTS
--------------------------------------------------------------------------------

  Obs Type                          Locations    Total Obs  Assimilated   Rejected   Assim%
  ------------------------------ ------------ ------------ ------------ ---------- --------
  conventional_ps                     199,096      116,459      107,491      8,968    92.3%
  gnssro_cosmic2                      365,047      363,132      227,803    135,329    62.7%
  ATMS N20                             11,142      245,124      167,540     77,584    68.3%
    +-- brightnessTemperature_1                                     5,721
    +-- brightnessTemperature_2                                     5,658
    +-- brightnessTemperature_3                                     5,819
    +-- brightnessTemperature_4                                     5,950
    +-- brightnessTemperature_5                                     5,965
    +-- brightnessTemperature_6                                     5,990
    +-- brightnessTemperature_7                                     7,221
    +-- brightnessTemperature_8                                    11,088
    +-- brightnessTemperature_9                                    11,062
    +-- brightnessTemperature_10                                   11,082
    +-- brightnessTemperature_11                                   11,087
    +-- brightnessTemperature_12                                   11,053
    +-- brightnessTemperature_13                                   10,397
    +-- brightnessTemperature_14                                   10,965
    +-- brightnessTemperature_15                                   11,072
    +-- brightnessTemperature_16                                    4,978
    +-- brightnessTemperature_17                                    5,422
    +-- brightnessTemperature_18                                    5,468
    +-- brightnessTemperature_19                                    5,484
    +-- brightnessTemperature_20                                    5,432
    +-- brightnessTemperature_21                                    5,350
    +-- brightnessTemperature_22                                    5,276
  ascatw_ascat_metop-b                 14,896       29,792       25,650      4,142    86.1%
    +-- windEastward                                               12,825
    +-- windNorthward                                              12,825
  satwind_goes-16                     802,894    1,605,788      191,396  1,414,392    11.9%
    +-- windEastward                                               95,698
    +-- windNorthward                                              95,698
  ------------------------------ ------------ ------------ ------------ ---------- --------
  TOTAL                             1,393,075    2,360,295      719,880  1,640,415    30.5%

  Locations = unique obs locations (nlocs).
  Total Obs = nlocs x channels/variables (before QC).
  Assimilated = obs passing all QC (used in Jo).

--------------------------------------------------------------------------------
  3. Jo/n EVOLUTION ACROSS OUTER ITERATIONS
--------------------------------------------------------------------------------

  Obs Type                            Outer 0      Outer 1      Outer 2          Delta
  ------------------------------ ------------ ------------ ------------ --------------
  conventional_ps                    0.225660     0.215149     0.195360      -0.030300
  gnssro_cosmic2                     0.315383     0.317417     0.300394      -0.014989
  ATMS N20                           1.860990     1.333526     0.889454      -0.971536
  ascatw_ascat_metop-b               0.576704     0.557423     0.496546      -0.080158
  satwind_goes-16                    0.036782     0.035697     0.034266      -0.002516

  Total Jo: 429,724.0 -> 339,966.6 -> 257,696.0
  Reduction: 40.0%

--------------------------------------------------------------------------------
  4. COST FUNCTION CONVERGENCE
--------------------------------------------------------------------------------

  --- Outer Loop 0 (2 inner iters) ---
    Iter                J               Jb             JoJc
  ------ ---------------- ---------------- ----------------
       0        429724.20             0.00        429724.20
       1        371710.89           213.14        371497.75
       2        341859.85           573.24        341286.61

  --- Outer Loop 1 (4 inner iters) ---
    Iter                J               Jb             JoJc
  ------ ---------------- ---------------- ----------------
       0        340539.80           573.24        339966.56
       1        326692.71           599.68        326093.04
       2        310415.44           915.93        309499.51
       3        279714.98          2850.77        276864.21
       4        261936.62          4698.12        257238.51

--------------------------------------------------------------------------------
  5. CHI-SQUARED CONSISTENCY (Final Iteration)
--------------------------------------------------------------------------------

  Jo ~ chi-squared(P).  E[Jo/P] = 1.0 if R,B correct.

  Obs Type                                   Jo          P       Jo/P                 Status
  ------------------------------ -------------- ---------- ---------- ----------------------
  conventional_ps                      20999.40    107,491   0.195360       !! OVERESTIMATED
  gnssro_cosmic2                       68382.40    227,642   0.300394       !! OVERESTIMATED
  ATMS N20                            149019.00    167,540   0.889454          OK calibrated
  ascatw_ascat_metop-b                 12736.40     25,650   0.496546       !! OVERESTIMATED
  satwind_goes-16                       6558.42    191,396   0.034266       !! OVERESTIMATED
  ------------------------------ -------------- ---------- ---------- ----------------------
  TOTAL                               257695.62    719,719   0.358050       !! OVERESTIMATED

================================================================================