================================================================================
  JEDI Variational DA - Diagnostic Report
================================================================================

--------------------------------------------------------------------------------
  1. CONFIGURATION SUMMARY
--------------------------------------------------------------------------------
  Cost Type                     : 3D-Var
  Analysis Time                 : 2024-02-24T00:00:00Z
  Window Begin                  : 2024-02-23T21:00:00Z
  Window Length                 : PT6H
  Outer Resolution              : C96
  Nlevels                       : 127
  Static Weight                 : 0.125
  Ensemble Weight               : 0.875
  Ensemble Members              : 2
  Minimizer                     : DRPCG
  Ninner                        : [2, 4]
  Inner Resolution              : C48

--------------------------------------------------------------------------------
  2. OBSERVATION COUNTS
--------------------------------------------------------------------------------

  Obs Type                          Locations    Total Obs  Assimilated   Rejected   Assim%
  ------------------------------ ------------ ------------ ------------ ---------- --------
  conventional_ps                     199,096      116,459      107,491      8,968    92.3%
  gnssro_cosmic2                      365,047      363,132      227,803    135,329    62.7%
  ATMS N20                              2,799       61,578       42,243     19,335    68.6%
    +-- brightnessTemperature_1                                     1,465
    +-- brightnessTemperature_2                                     1,434
    +-- brightnessTemperature_3                                     1,478
    +-- brightnessTemperature_4                                     1,514
    +-- brightnessTemperature_5                                     1,518
    +-- brightnessTemperature_6                                     1,525
    +-- brightnessTemperature_7                                     1,816
    +-- brightnessTemperature_8                                     2,790
    +-- brightnessTemperature_9                                     2,777
    +-- brightnessTemperature_10                                    2,786
    +-- brightnessTemperature_11                                    2,787
    +-- brightnessTemperature_12                                    2,784
    +-- brightnessTemperature_13                                    2,612
    +-- brightnessTemperature_14                                    2,767
    +-- brightnessTemperature_15                                    2,786
    +-- brightnessTemperature_16                                    1,260
    +-- brightnessTemperature_17                                    1,369
    +-- brightnessTemperature_18                                    1,375
    +-- brightnessTemperature_19                                    1,378
    +-- brightnessTemperature_20                                    1,355
    +-- brightnessTemperature_21                                    1,338
    +-- brightnessTemperature_22                                    1,329
  ascatw_ascat_metop-b                  4,472        8,944        7,534      1,410    84.2%
    +-- windEastward                                                3,767
    +-- windNorthward                                               3,767
  satwind_goes-16                     802,894    1,605,788      191,396  1,414,392    11.9%
    +-- windEastward                                               95,698
    +-- windNorthward                                              95,698
  ------------------------------ ------------ ------------ ------------ ---------- --------
  TOTAL                             1,374,308    2,155,901      576,467  1,579,434    26.7%

  Locations = unique obs locations (nlocs).
  Total Obs = nlocs x channels/variables (before QC).
  Assimilated = obs passing all QC (used in Jo).

--------------------------------------------------------------------------------
  3. Jo/n EVOLUTION ACROSS OUTER ITERATIONS
--------------------------------------------------------------------------------

  Obs Type                            Outer 0      Outer 1      Outer 2          Delta
  ------------------------------ ------------ ------------ ------------ --------------
  conventional_ps                    0.225660     0.202709     0.187372      -0.038288
  gnssro_cosmic2                     0.315383     0.295796     0.259075      -0.056308
  ATMS N20                           0.185890     0.173626     0.151296      -0.034594
  ascatw_ascat_metop-b               0.585955     0.577161     0.528174      -0.057781
  satwind_goes-16                    0.036782     0.036871     0.032500      -0.004282

  Total Jo: 115,409.0 -> 107,897.4 -> 95,701.3
  Reduction: 17.1%

--------------------------------------------------------------------------------
  4. COST FUNCTION CONVERGENCE
--------------------------------------------------------------------------------

  --- Outer Loop 0 (2 inner iters) ---
    Iter                J               Jb             JoJc
  ------ ---------------- ---------------- ----------------
       0        115408.63             0.00        115408.63
       1        113438.15            10.96        113427.19
       2        107804.32           239.51        107564.80

  --- Outer Loop 1 (4 inner iters) ---
    Iter                J               Jb             JoJc
  ------ ---------------- ---------------- ----------------
       0        108136.88           239.51        107897.37
       1        105735.07           265.62        105469.44
       2        104667.85           328.16        104339.69
       3        101024.09           895.04        100129.05
       4         96972.08          2117.66         94854.42

--------------------------------------------------------------------------------
  5. CHI-SQUARED CONSISTENCY (Final Iteration)
--------------------------------------------------------------------------------

  Jo ~ chi-squared(P).  E[Jo/P] = 1.0 if R,B correct.

  Obs Type                                   Jo          P       Jo/P                 Status
  ------------------------------ -------------- ---------- ---------- ----------------------
  conventional_ps                      20140.80    107,491   0.187372       !! OVERESTIMATED
  gnssro_cosmic2                       58969.70    227,616   0.259075       !! OVERESTIMATED
  ATMS N20                              6391.19     42,243   0.151296       !! OVERESTIMATED
  ascatw_ascat_metop-b                  3979.26      7,534   0.528174          v R too large
  satwind_goes-16                       6220.35    191,396   0.032500       !! OVERESTIMATED
  ------------------------------ -------------- ---------- ---------- ----------------------
  TOTAL                                95701.30    576,280   0.166067       !! OVERESTIMATED

================================================================================